{"/Users/chrisducharme/Coding Bootcamp/Projects/project_02/server.js": {"path":"/Users/chrisducharme/Coding Bootcamp/Projects/project_02/server.js","statementMap":{"0":{"start":{"line":2,"column":14},"end":{"line":2,"column":32}},"1":{"start":{"line":3,"column":13},"end":{"line":3,"column":42}},"2":{"start":{"line":4,"column":14},"end":{"line":4,"column":40}},"3":{"start":{"line":7,"column":15},"end":{"line":7,"column":43}},"4":{"start":{"line":10,"column":11},"end":{"line":10,"column":35}},"5":{"start":{"line":11,"column":9},"end":{"line":11,"column":28}},"6":{"start":{"line":14,"column":10},"end":{"line":14,"column":19}},"7":{"start":{"line":15,"column":0},"end":{"line":15,"column":48}},"8":{"start":{"line":16,"column":0},"end":{"line":16,"column":24}},"9":{"start":{"line":17,"column":0},"end":{"line":17,"column":34}},"10":{"start":{"line":20,"column":0},"end":{"line":22,"column":2}},"11":{"start":{"line":23,"column":0},"end":{"line":23,"column":31}},"12":{"start":{"line":24,"column":0},"end":{"line":24,"column":28}},"13":{"start":{"line":25,"column":0},"end":{"line":25,"column":60}},"14":{"start":{"line":26,"column":0},"end":{"line":26,"column":37}},"15":{"start":{"line":29,"column":0},"end":{"line":29,"column":40}},"16":{"start":{"line":30,"column":0},"end":{"line":30,"column":39}},"17":{"start":{"line":31,"column":0},"end":{"line":31,"column":54}},"18":{"start":{"line":35,"column":0},"end":{"line":46,"column":1}},"19":{"start":{"line":37,"column":2},"end":{"line":45,"column":5}},"20":{"start":{"line":38,"column":4},"end":{"line":44,"column":7}},"21":{"start":{"line":39,"column":6},"end":{"line":43,"column":8}},"22":{"start":{"line":48,"column":0},"end":{"line":48,"column":21}}},"fnMap":{"0":{"name":"(anonymous_0)","decl":{"start":{"line":37,"column":27},"end":{"line":37,"column":28}},"loc":{"start":{"line":37,"column":39},"end":{"line":45,"column":3}},"line":37},"1":{"name":"(anonymous_1)","decl":{"start":{"line":38,"column":21},"end":{"line":38,"column":22}},"loc":{"start":{"line":38,"column":33},"end":{"line":44,"column":5}},"line":38}},"branchMap":{"0":{"loc":{"start":{"line":10,"column":11},"end":{"line":10,"column":35}},"type":"binary-expr","locations":[{"start":{"line":10,"column":11},"end":{"line":10,"column":27}},{"start":{"line":10,"column":31},"end":{"line":10,"column":35}}],"line":10},"1":{"loc":{"start":{"line":35,"column":0},"end":{"line":46,"column":1}},"type":"if","locations":[{"start":{"line":35,"column":0},"end":{"line":46,"column":1}},{"start":{"line":35,"column":0},"end":{"line":46,"column":1}}],"line":35}},"s":{"0":2,"1":2,"2":2,"3":2,"4":2,"5":2,"6":2,"7":2,"8":2,"9":2,"10":2,"11":2,"12":2,"13":2,"14":2,"15":2,"16":2,"17":2,"18":2,"19":0,"20":0,"21":0,"22":2},"f":{"0":0,"1":0},"b":{"0":[2,2],"1":[0,2]},"_coverageSchema":"1a1c01bbd47fc00a2c39e90264f33305004495a9","hash":"4b34c0bb6787f510c4cb3de70c6675bdfb2529ec"}
,"/Users/chrisducharme/Coding Bootcamp/Projects/project_02/config/passport.js": {"path":"/Users/chrisducharme/Coding Bootcamp/Projects/project_02/config/passport.js","statementMap":{"0":{"start":{"line":1,"column":15},"end":{"line":1,"column":34}},"1":{"start":{"line":2,"column":20},"end":{"line":2,"column":54}},"2":{"start":{"line":4,"column":9},"end":{"line":4,"column":29}},"3":{"start":{"line":7,"column":0},"end":{"line":38,"column":2}},"4":{"start":{"line":15,"column":6},"end":{"line":35,"column":9}},"5":{"start":{"line":21,"column":8},"end":{"line":32,"column":9}},"6":{"start":{"line":22,"column":10},"end":{"line":24,"column":13}},"7":{"start":{"line":28,"column":13},"end":{"line":32,"column":9}},"8":{"start":{"line":29,"column":10},"end":{"line":31,"column":13}},"9":{"start":{"line":34,"column":8},"end":{"line":34,"column":34}},"10":{"start":{"line":43,"column":0},"end":{"line":45,"column":3}},"11":{"start":{"line":44,"column":2},"end":{"line":44,"column":17}},"12":{"start":{"line":47,"column":0},"end":{"line":49,"column":3}},"13":{"start":{"line":48,"column":2},"end":{"line":48,"column":16}},"14":{"start":{"line":52,"column":0},"end":{"line":52,"column":26}}},"fnMap":{"0":{"name":"(anonymous_0)","decl":{"start":{"line":13,"column":4},"end":{"line":13,"column":5}},"loc":{"start":{"line":13,"column":37},"end":{"line":36,"column":5}},"line":13},"1":{"name":"(anonymous_1)","decl":{"start":{"line":19,"column":14},"end":{"line":19,"column":15}},"loc":{"start":{"line":19,"column":32},"end":{"line":35,"column":7}},"line":19},"2":{"name":"(anonymous_2)","decl":{"start":{"line":43,"column":23},"end":{"line":43,"column":24}},"loc":{"start":{"line":43,"column":43},"end":{"line":45,"column":1}},"line":43},"3":{"name":"(anonymous_3)","decl":{"start":{"line":47,"column":25},"end":{"line":47,"column":26}},"loc":{"start":{"line":47,"column":44},"end":{"line":49,"column":1}},"line":47}},"branchMap":{"0":{"loc":{"start":{"line":21,"column":8},"end":{"line":32,"column":9}},"type":"if","locations":[{"start":{"line":21,"column":8},"end":{"line":32,"column":9}},{"start":{"line":21,"column":8},"end":{"line":32,"column":9}}],"line":21},"1":{"loc":{"start":{"line":28,"column":13},"end":{"line":32,"column":9}},"type":"if","locations":[{"start":{"line":28,"column":13},"end":{"line":32,"column":9}},{"start":{"line":28,"column":13},"end":{"line":32,"column":9}}],"line":28}},"s":{"0":2,"1":2,"2":2,"3":2,"4":3,"5":3,"6":0,"7":3,"8":0,"9":3,"10":2,"11":3,"12":2,"13":2,"14":2},"f":{"0":3,"1":3,"2":3,"3":2},"b":{"0":[0,3],"1":[0,3]},"_coverageSchema":"1a1c01bbd47fc00a2c39e90264f33305004495a9","hash":"d2c5c9807f4d63b3b915dceeb4935104641a5b21"}
,"/Users/chrisducharme/Coding Bootcamp/Projects/project_02/config/middleware/isAuthenticated.js": {"path":"/Users/chrisducharme/Coding Bootcamp/Projects/project_02/config/middleware/isAuthenticated.js","statementMap":{"0":{"start":{"line":2,"column":0},"end":{"line":10,"column":2}},"1":{"start":{"line":4,"column":2},"end":{"line":6,"column":3}},"2":{"start":{"line":5,"column":4},"end":{"line":5,"column":18}},"3":{"start":{"line":9,"column":2},"end":{"line":9,"column":27}}},"fnMap":{"0":{"name":"(anonymous_0)","decl":{"start":{"line":2,"column":17},"end":{"line":2,"column":18}},"loc":{"start":{"line":2,"column":43},"end":{"line":10,"column":1}},"line":2}},"branchMap":{"0":{"loc":{"start":{"line":4,"column":2},"end":{"line":6,"column":3}},"type":"if","locations":[{"start":{"line":4,"column":2},"end":{"line":6,"column":3}},{"start":{"line":4,"column":2},"end":{"line":6,"column":3}}],"line":4}},"s":{"0":2,"1":0,"2":0,"3":0},"f":{"0":0},"b":{"0":[0,0]},"_coverageSchema":"1a1c01bbd47fc00a2c39e90264f33305004495a9","hash":"6653b177a89de8991bf6ec763796ef078027addf"}
,"/Users/chrisducharme/Coding Bootcamp/Projects/project_02/models/index.js": {"path":"/Users/chrisducharme/Coding Bootcamp/Projects/project_02/models/index.js","statementMap":{"0":{"start":{"line":6,"column":11},"end":{"line":6,"column":24}},"1":{"start":{"line":7,"column":13},"end":{"line":7,"column":28}},"2":{"start":{"line":8,"column":18},"end":{"line":8,"column":38}},"3":{"start":{"line":9,"column":17},"end":{"line":9,"column":47}},"4":{"start":{"line":10,"column":12},"end":{"line":10,"column":49}},"5":{"start":{"line":12,"column":15},"end":{"line":12,"column":65}},"6":{"start":{"line":13,"column":11},"end":{"line":13,"column":13}},"7":{"start":{"line":17,"column":0},"end":{"line":26,"column":1}},"8":{"start":{"line":18,"column":2},"end":{"line":18,"column":66}},"9":{"start":{"line":20,"column":2},"end":{"line":25,"column":4}},"10":{"start":{"line":28,"column":0},"end":{"line":37,"column":5}},"11":{"start":{"line":30,"column":4},"end":{"line":32,"column":6}},"12":{"start":{"line":35,"column":16},"end":{"line":35,"column":60}},"13":{"start":{"line":36,"column":4},"end":{"line":36,"column":27}},"14":{"start":{"line":39,"column":0},"end":{"line":43,"column":3}},"15":{"start":{"line":40,"column":2},"end":{"line":42,"column":3}},"16":{"start":{"line":41,"column":4},"end":{"line":41,"column":32}},"17":{"start":{"line":45,"column":0},"end":{"line":45,"column":25}},"18":{"start":{"line":46,"column":0},"end":{"line":46,"column":25}},"19":{"start":{"line":48,"column":0},"end":{"line":48,"column":20}}},"fnMap":{"0":{"name":"(anonymous_0)","decl":{"start":{"line":29,"column":10},"end":{"line":29,"column":11}},"loc":{"start":{"line":29,"column":26},"end":{"line":33,"column":3}},"line":29},"1":{"name":"(anonymous_1)","decl":{"start":{"line":34,"column":11},"end":{"line":34,"column":12}},"loc":{"start":{"line":34,"column":27},"end":{"line":37,"column":3}},"line":34},"2":{"name":"(anonymous_2)","decl":{"start":{"line":39,"column":24},"end":{"line":39,"column":25}},"loc":{"start":{"line":39,"column":45},"end":{"line":43,"column":1}},"line":39}},"branchMap":{"0":{"loc":{"start":{"line":10,"column":12},"end":{"line":10,"column":49}},"type":"binary-expr","locations":[{"start":{"line":10,"column":12},"end":{"line":10,"column":32}},{"start":{"line":10,"column":36},"end":{"line":10,"column":49}}],"line":10},"1":{"loc":{"start":{"line":17,"column":0},"end":{"line":26,"column":1}},"type":"if","locations":[{"start":{"line":17,"column":0},"end":{"line":26,"column":1}},{"start":{"line":17,"column":0},"end":{"line":26,"column":1}}],"line":17},"2":{"loc":{"start":{"line":31,"column":6},"end":{"line":31,"column":78}},"type":"binary-expr","locations":[{"start":{"line":31,"column":6},"end":{"line":31,"column":29}},{"start":{"line":31,"column":33},"end":{"line":31,"column":50}},{"start":{"line":31,"column":54},"end":{"line":31,"column":78}}],"line":31},"3":{"loc":{"start":{"line":40,"column":2},"end":{"line":42,"column":3}},"type":"if","locations":[{"start":{"line":40,"column":2},"end":{"line":42,"column":3}},{"start":{"line":40,"column":2},"end":{"line":42,"column":3}}],"line":40}},"s":{"0":2,"1":2,"2":2,"3":2,"4":2,"5":2,"6":2,"7":2,"8":0,"9":2,"10":2,"11":10,"12":8,"13":8,"14":2,"15":8,"16":4,"17":2,"18":2,"19":2},"f":{"0":10,"1":8,"2":8},"b":{"0":[2,0],"1":[0,2],"2":[10,10,8],"3":[4,4]},"_coverageSchema":"1a1c01bbd47fc00a2c39e90264f33305004495a9","hash":"06b8bab97af4b42390ebe5aec7fec7e88272a701"}
,"/Users/chrisducharme/Coding Bootcamp/Projects/project_02/models/locations.js": {"path":"/Users/chrisducharme/Coding Bootcamp/Projects/project_02/models/locations.js","statementMap":{"0":{"start":{"line":2,"column":0},"end":{"line":41,"column":2}},"1":{"start":{"line":3,"column":20},"end":{"line":31,"column":4}},"2":{"start":{"line":33,"column":2},"end":{"line":39,"column":4}},"3":{"start":{"line":34,"column":4},"end":{"line":38,"column":7}},"4":{"start":{"line":40,"column":2},"end":{"line":40,"column":19}}},"fnMap":{"0":{"name":"(anonymous_0)","decl":{"start":{"line":2,"column":17},"end":{"line":2,"column":18}},"loc":{"start":{"line":2,"column":43},"end":{"line":41,"column":1}},"line":2},"1":{"name":"(anonymous_1)","decl":{"start":{"line":33,"column":24},"end":{"line":33,"column":25}},"loc":{"start":{"line":33,"column":36},"end":{"line":39,"column":3}},"line":33}},"branchMap":{},"s":{"0":2,"1":2,"2":2,"3":2,"4":2},"f":{"0":2,"1":2},"b":{},"_coverageSchema":"1a1c01bbd47fc00a2c39e90264f33305004495a9","hash":"a26df83eb71dddb2e848d4e02999a7dc1ec7995d"}
,"/Users/chrisducharme/Coding Bootcamp/Projects/project_02/models/product.js": {"path":"/Users/chrisducharme/Coding Bootcamp/Projects/project_02/models/product.js","statementMap":{"0":{"start":{"line":2,"column":0},"end":{"line":38,"column":2}},"1":{"start":{"line":3,"column":18},"end":{"line":27,"column":4}},"2":{"start":{"line":29,"column":2},"end":{"line":35,"column":4}},"3":{"start":{"line":30,"column":4},"end":{"line":34,"column":7}},"4":{"start":{"line":37,"column":2},"end":{"line":37,"column":17}}},"fnMap":{"0":{"name":"(anonymous_0)","decl":{"start":{"line":2,"column":17},"end":{"line":2,"column":18}},"loc":{"start":{"line":2,"column":43},"end":{"line":38,"column":1}},"line":2},"1":{"name":"(anonymous_1)","decl":{"start":{"line":29,"column":22},"end":{"line":29,"column":23}},"loc":{"start":{"line":29,"column":34},"end":{"line":35,"column":3}},"line":29}},"branchMap":{},"s":{"0":2,"1":2,"2":2,"3":2,"4":2},"f":{"0":2,"1":2},"b":{},"_coverageSchema":"1a1c01bbd47fc00a2c39e90264f33305004495a9","hash":"95c05c220a93debb275b2d7ccc9a035807d83cb1"}
,"/Users/chrisducharme/Coding Bootcamp/Projects/project_02/models/saved_products.js": {"path":"/Users/chrisducharme/Coding Bootcamp/Projects/project_02/models/saved_products.js","statementMap":{"0":{"start":{"line":3,"column":0},"end":{"line":40,"column":2}},"1":{"start":{"line":4,"column":25},"end":{"line":35,"column":4}},"2":{"start":{"line":39,"column":2},"end":{"line":39,"column":24}}},"fnMap":{"0":{"name":"(anonymous_0)","decl":{"start":{"line":3,"column":17},"end":{"line":3,"column":18}},"loc":{"start":{"line":3,"column":43},"end":{"line":40,"column":1}},"line":3}},"branchMap":{},"s":{"0":2,"1":2,"2":2},"f":{"0":2},"b":{},"_coverageSchema":"1a1c01bbd47fc00a2c39e90264f33305004495a9","hash":"c5ec920d55093678d9453fddd86ad6ec701af0eb"}
,"/Users/chrisducharme/Coding Bootcamp/Projects/project_02/models/user.js": {"path":"/Users/chrisducharme/Coding Bootcamp/Projects/project_02/models/user.js","statementMap":{"0":{"start":{"line":2,"column":13},"end":{"line":2,"column":32}},"1":{"start":{"line":4,"column":0},"end":{"line":35,"column":2}},"2":{"start":{"line":5,"column":13},"end":{"line":20,"column":4}},"3":{"start":{"line":22,"column":2},"end":{"line":24,"column":4}},"4":{"start":{"line":23,"column":4},"end":{"line":23,"column":55}},"5":{"start":{"line":27,"column":2},"end":{"line":33,"column":5}},"6":{"start":{"line":28,"column":4},"end":{"line":32,"column":6}},"7":{"start":{"line":34,"column":2},"end":{"line":34,"column":14}}},"fnMap":{"0":{"name":"(anonymous_0)","decl":{"start":{"line":4,"column":17},"end":{"line":4,"column":18}},"loc":{"start":{"line":4,"column":49},"end":{"line":35,"column":1}},"line":4},"1":{"name":"(anonymous_1)","decl":{"start":{"line":22,"column":33},"end":{"line":22,"column":34}},"loc":{"start":{"line":22,"column":53},"end":{"line":24,"column":3}},"line":22},"2":{"name":"(anonymous_2)","decl":{"start":{"line":27,"column":31},"end":{"line":27,"column":32}},"loc":{"start":{"line":27,"column":47},"end":{"line":33,"column":3}},"line":27}},"branchMap":{},"s":{"0":2,"1":2,"2":2,"3":2,"4":3,"5":2,"6":2,"7":2},"f":{"0":2,"1":3,"2":2},"b":{},"_coverageSchema":"1a1c01bbd47fc00a2c39e90264f33305004495a9","hash":"c630a782c1306fdcf482dc589ddf79f49837324a"}
,"/Users/chrisducharme/Coding Bootcamp/Projects/project_02/public/js/login.js": {"path":"/Users/chrisducharme/Coding Bootcamp/Projects/project_02/public/js/login.js","statementMap":{"0":{"start":{"line":1,"column":0},"end":{"line":40,"column":3}},"1":{"start":{"line":3,"column":18},"end":{"line":3,"column":33}},"2":{"start":{"line":4,"column":19},"end":{"line":4,"column":41}},"3":{"start":{"line":5,"column":22},"end":{"line":5,"column":47}},"4":{"start":{"line":8,"column":2},"end":{"line":23,"column":5}},"5":{"start":{"line":9,"column":4},"end":{"line":9,"column":27}},"6":{"start":{"line":10,"column":19},"end":{"line":13,"column":5}},"7":{"start":{"line":15,"column":4},"end":{"line":17,"column":5}},"8":{"start":{"line":16,"column":6},"end":{"line":16,"column":13}},"9":{"start":{"line":20,"column":4},"end":{"line":20,"column":49}},"10":{"start":{"line":21,"column":4},"end":{"line":21,"column":23}},"11":{"start":{"line":22,"column":4},"end":{"line":22,"column":26}},"12":{"start":{"line":27,"column":4},"end":{"line":38,"column":9}},"13":{"start":{"line":32,"column":8},"end":{"line":32,"column":44}},"14":{"start":{"line":37,"column":8},"end":{"line":37,"column":25}}},"fnMap":{"0":{"name":"(anonymous_0)","decl":{"start":{"line":1,"column":18},"end":{"line":1,"column":19}},"loc":{"start":{"line":1,"column":30},"end":{"line":40,"column":1}},"line":1},"1":{"name":"(anonymous_1)","decl":{"start":{"line":8,"column":25},"end":{"line":8,"column":26}},"loc":{"start":{"line":8,"column":42},"end":{"line":23,"column":3}},"line":8},"2":{"name":"loginUser","decl":{"start":{"line":26,"column":11},"end":{"line":26,"column":20}},"loc":{"start":{"line":26,"column":38},"end":{"line":39,"column":3}},"line":26},"3":{"name":"(anonymous_3)","decl":{"start":{"line":31,"column":12},"end":{"line":31,"column":13}},"loc":{"start":{"line":31,"column":24},"end":{"line":35,"column":7}},"line":31},"4":{"name":"(anonymous_4)","decl":{"start":{"line":36,"column":13},"end":{"line":36,"column":14}},"loc":{"start":{"line":36,"column":28},"end":{"line":38,"column":7}},"line":36}},"branchMap":{"0":{"loc":{"start":{"line":15,"column":4},"end":{"line":17,"column":5}},"type":"if","locations":[{"start":{"line":15,"column":4},"end":{"line":17,"column":5}},{"start":{"line":15,"column":4},"end":{"line":17,"column":5}}],"line":15},"1":{"loc":{"start":{"line":15,"column":8},"end":{"line":15,"column":45}},"type":"binary-expr","locations":[{"start":{"line":15,"column":8},"end":{"line":15,"column":23}},{"start":{"line":15,"column":27},"end":{"line":15,"column":45}}],"line":15}},"s":{"0":0,"1":0,"2":0,"3":0,"4":0,"5":0,"6":0,"7":0,"8":0,"9":0,"10":0,"11":0,"12":0,"13":0,"14":0},"f":{"0":0,"1":0,"2":0,"3":0,"4":0},"b":{"0":[0,0],"1":[0,0]}}
,"/Users/chrisducharme/Coding Bootcamp/Projects/project_02/public/js/members.js": {"path":"/Users/chrisducharme/Coding Bootcamp/Projects/project_02/public/js/members.js","statementMap":{"0":{"start":{"line":1,"column":0},"end":{"line":7,"column":3}},"1":{"start":{"line":4,"column":2},"end":{"line":6,"column":5}},"2":{"start":{"line":5,"column":4},"end":{"line":5,"column":39}}},"fnMap":{"0":{"name":"(anonymous_0)","decl":{"start":{"line":1,"column":18},"end":{"line":1,"column":19}},"loc":{"start":{"line":1,"column":30},"end":{"line":7,"column":1}},"line":1},"1":{"name":"(anonymous_1)","decl":{"start":{"line":4,"column":31},"end":{"line":4,"column":32}},"loc":{"start":{"line":4,"column":47},"end":{"line":6,"column":3}},"line":4}},"branchMap":{},"s":{"0":0,"1":0,"2":0},"f":{"0":0,"1":0},"b":{}}
,"/Users/chrisducharme/Coding Bootcamp/Projects/project_02/public/js/saved_products.js": {"path":"/Users/chrisducharme/Coding Bootcamp/Projects/project_02/public/js/saved_products.js","statementMap":{"0":{"start":{"line":1,"column":0},"end":{"line":23,"column":2}},"1":{"start":{"line":2,"column":1},"end":{"line":22,"column":7}},"2":{"start":{"line":3,"column":17},"end":{"line":3,"column":35}},"3":{"start":{"line":4,"column":26},"end":{"line":4,"column":42}},"4":{"start":{"line":5,"column":29},"end":{"line":5,"column":57}},"5":{"start":{"line":6,"column":25},"end":{"line":6,"column":49}},"6":{"start":{"line":7,"column":23},"end":{"line":7,"column":24}},"7":{"start":{"line":8,"column":29},"end":{"line":8,"column":57}},"8":{"start":{"line":9,"column":2},"end":{"line":21,"column":5}},"9":{"start":{"line":20,"column":3},"end":{"line":20,"column":21}}},"fnMap":{"0":{"name":"(anonymous_0)","decl":{"start":{"line":1,"column":2},"end":{"line":1,"column":3}},"loc":{"start":{"line":1,"column":13},"end":{"line":23,"column":1}},"line":1},"1":{"name":"(anonymous_1)","decl":{"start":{"line":2,"column":29},"end":{"line":2,"column":30}},"loc":{"start":{"line":2,"column":45},"end":{"line":22,"column":5}},"line":2},"2":{"name":"(anonymous_2)","decl":{"start":{"line":19,"column":10},"end":{"line":19,"column":11}},"loc":{"start":{"line":19,"column":21},"end":{"line":21,"column":3}},"line":19}},"branchMap":{},"s":{"0":0,"1":0,"2":0,"3":0,"4":0,"5":0,"6":0,"7":0,"8":0,"9":0},"f":{"0":0,"1":0,"2":0},"b":{}}
,"/Users/chrisducharme/Coding Bootcamp/Projects/project_02/public/js/signup.js": {"path":"/Users/chrisducharme/Coding Bootcamp/Projects/project_02/public/js/signup.js","statementMap":{"0":{"start":{"line":1,"column":0},"end":{"line":42,"column":3}},"1":{"start":{"line":3,"column":19},"end":{"line":3,"column":35}},"2":{"start":{"line":4,"column":19},"end":{"line":4,"column":41}},"3":{"start":{"line":5,"column":22},"end":{"line":5,"column":47}},"4":{"start":{"line":8,"column":2},"end":{"line":22,"column":5}},"5":{"start":{"line":9,"column":4},"end":{"line":9,"column":27}},"6":{"start":{"line":10,"column":19},"end":{"line":13,"column":5}},"7":{"start":{"line":15,"column":4},"end":{"line":17,"column":5}},"8":{"start":{"line":16,"column":6},"end":{"line":16,"column":13}},"9":{"start":{"line":19,"column":4},"end":{"line":19,"column":50}},"10":{"start":{"line":20,"column":4},"end":{"line":20,"column":23}},"11":{"start":{"line":21,"column":4},"end":{"line":21,"column":26}},"12":{"start":{"line":27,"column":4},"end":{"line":35,"column":29}},"13":{"start":{"line":32,"column":8},"end":{"line":32,"column":45}},"14":{"start":{"line":39,"column":4},"end":{"line":39,"column":44}},"15":{"start":{"line":40,"column":4},"end":{"line":40,"column":28}}},"fnMap":{"0":{"name":"(anonymous_0)","decl":{"start":{"line":1,"column":18},"end":{"line":1,"column":19}},"loc":{"start":{"line":1,"column":30},"end":{"line":42,"column":1}},"line":1},"1":{"name":"(anonymous_1)","decl":{"start":{"line":8,"column":26},"end":{"line":8,"column":27}},"loc":{"start":{"line":8,"column":43},"end":{"line":22,"column":3}},"line":8},"2":{"name":"signUpUser","decl":{"start":{"line":26,"column":11},"end":{"line":26,"column":21}},"loc":{"start":{"line":26,"column":39},"end":{"line":36,"column":3}},"line":26},"3":{"name":"(anonymous_3)","decl":{"start":{"line":31,"column":12},"end":{"line":31,"column":13}},"loc":{"start":{"line":31,"column":28},"end":{"line":34,"column":7}},"line":31},"4":{"name":"handleLoginErr","decl":{"start":{"line":38,"column":11},"end":{"line":38,"column":25}},"loc":{"start":{"line":38,"column":31},"end":{"line":41,"column":3}},"line":38}},"branchMap":{"0":{"loc":{"start":{"line":15,"column":4},"end":{"line":17,"column":5}},"type":"if","locations":[{"start":{"line":15,"column":4},"end":{"line":17,"column":5}},{"start":{"line":15,"column":4},"end":{"line":17,"column":5}}],"line":15},"1":{"loc":{"start":{"line":15,"column":8},"end":{"line":15,"column":45}},"type":"binary-expr","locations":[{"start":{"line":15,"column":8},"end":{"line":15,"column":23}},{"start":{"line":15,"column":27},"end":{"line":15,"column":45}}],"line":15}},"s":{"0":0,"1":0,"2":0,"3":0,"4":0,"5":0,"6":0,"7":0,"8":0,"9":0,"10":0,"11":0,"12":0,"13":0,"14":0,"15":0},"f":{"0":0,"1":0,"2":0,"3":0,"4":0},"b":{"0":[0,0],"1":[0,0]}}
,"/Users/chrisducharme/Coding Bootcamp/Projects/project_02/routes/api-routes.js": {"path":"/Users/chrisducharme/Coding Bootcamp/Projects/project_02/routes/api-routes.js","statementMap":{"0":{"start":{"line":2,"column":9},"end":{"line":2,"column":29}},"1":{"start":{"line":3,"column":15},"end":{"line":3,"column":44}},"2":{"start":{"line":5,"column":0},"end":{"line":55,"column":2}},"3":{"start":{"line":9,"column":2},"end":{"line":11,"column":5}},"4":{"start":{"line":10,"column":4},"end":{"line":10,"column":23}},"5":{"start":{"line":16,"column":2},"end":{"line":27,"column":5}},"6":{"start":{"line":17,"column":4},"end":{"line":26,"column":9}},"7":{"start":{"line":22,"column":8},"end":{"line":22,"column":40}},"8":{"start":{"line":25,"column":8},"end":{"line":25,"column":50}},"9":{"start":{"line":30,"column":2},"end":{"line":33,"column":5}},"10":{"start":{"line":31,"column":4},"end":{"line":31,"column":17}},"11":{"start":{"line":32,"column":4},"end":{"line":32,"column":22}},"12":{"start":{"line":36,"column":2},"end":{"line":48,"column":5}},"13":{"start":{"line":37,"column":4},"end":{"line":47,"column":5}},"14":{"start":{"line":39,"column":6},"end":{"line":39,"column":19}},"15":{"start":{"line":43,"column":6},"end":{"line":46,"column":9}},"16":{"start":{"line":50,"column":2},"end":{"line":54,"column":5}},"17":{"start":{"line":51,"column":4},"end":{"line":53,"column":7}},"18":{"start":{"line":52,"column":6},"end":{"line":52,"column":26}}},"fnMap":{"0":{"name":"(anonymous_0)","decl":{"start":{"line":5,"column":17},"end":{"line":5,"column":18}},"loc":{"start":{"line":5,"column":32},"end":{"line":55,"column":1}},"line":5},"1":{"name":"(anonymous_1)","decl":{"start":{"line":9,"column":57},"end":{"line":9,"column":58}},"loc":{"start":{"line":9,"column":77},"end":{"line":11,"column":3}},"line":9},"2":{"name":"(anonymous_2)","decl":{"start":{"line":16,"column":26},"end":{"line":16,"column":27}},"loc":{"start":{"line":16,"column":46},"end":{"line":27,"column":3}},"line":16},"3":{"name":"(anonymous_3)","decl":{"start":{"line":21,"column":12},"end":{"line":21,"column":13}},"loc":{"start":{"line":21,"column":24},"end":{"line":23,"column":7}},"line":21},"4":{"name":"(anonymous_4)","decl":{"start":{"line":24,"column":13},"end":{"line":24,"column":14}},"loc":{"start":{"line":24,"column":28},"end":{"line":26,"column":7}},"line":24},"5":{"name":"(anonymous_5)","decl":{"start":{"line":30,"column":21},"end":{"line":30,"column":22}},"loc":{"start":{"line":30,"column":41},"end":{"line":33,"column":3}},"line":30},"6":{"name":"(anonymous_6)","decl":{"start":{"line":36,"column":28},"end":{"line":36,"column":29}},"loc":{"start":{"line":36,"column":48},"end":{"line":48,"column":3}},"line":36},"7":{"name":"(anonymous_7)","decl":{"start":{"line":50,"column":27},"end":{"line":50,"column":28}},"loc":{"start":{"line":50,"column":47},"end":{"line":54,"column":3}},"line":50},"8":{"name":"(anonymous_8)","decl":{"start":{"line":51,"column":32},"end":{"line":51,"column":33}},"loc":{"start":{"line":51,"column":53},"end":{"line":53,"column":5}},"line":51}},"branchMap":{"0":{"loc":{"start":{"line":37,"column":4},"end":{"line":47,"column":5}},"type":"if","locations":[{"start":{"line":37,"column":4},"end":{"line":47,"column":5}},{"start":{"line":37,"column":4},"end":{"line":47,"column":5}}],"line":37}},"s":{"0":2,"1":2,"2":2,"3":2,"4":3,"5":2,"6":2,"7":1,"8":1,"9":2,"10":1,"11":1,"12":2,"13":3,"14":2,"15":1,"16":2,"17":0,"18":0},"f":{"0":2,"1":3,"2":2,"3":1,"4":1,"5":1,"6":3,"7":0,"8":0},"b":{"0":[2,1]},"_coverageSchema":"1a1c01bbd47fc00a2c39e90264f33305004495a9","hash":"da03f0115228bd0750c88b14a4083dd61126535c"}
,"/Users/chrisducharme/Coding Bootcamp/Projects/project_02/routes/html-routes.js": {"path":"/Users/chrisducharme/Coding Bootcamp/Projects/project_02/routes/html-routes.js","statementMap":{"0":{"start":{"line":3,"column":16},"end":{"line":3,"column":34}},"1":{"start":{"line":4,"column":11},"end":{"line":4,"column":26}},"2":{"start":{"line":5,"column":11},"end":{"line":5,"column":31}},"3":{"start":{"line":6,"column":18},"end":{"line":6,"column":38}},"4":{"start":{"line":9,"column":22},"end":{"line":9,"column":69}},"5":{"start":{"line":10,"column":0},"end":{"line":160,"column":2}},"6":{"start":{"line":11,"column":2},"end":{"line":17,"column":5}},"7":{"start":{"line":13,"column":4},"end":{"line":15,"column":5}},"8":{"start":{"line":14,"column":6},"end":{"line":14,"column":32}},"9":{"start":{"line":16,"column":4},"end":{"line":16,"column":64}},"10":{"start":{"line":18,"column":2},"end":{"line":23,"column":5}},"11":{"start":{"line":19,"column":4},"end":{"line":21,"column":5}},"12":{"start":{"line":20,"column":6},"end":{"line":20,"column":29}},"13":{"start":{"line":22,"column":4},"end":{"line":22,"column":63}},"14":{"start":{"line":24,"column":2},"end":{"line":29,"column":5}},"15":{"start":{"line":25,"column":4},"end":{"line":27,"column":5}},"16":{"start":{"line":26,"column":6},"end":{"line":26,"column":29}},"17":{"start":{"line":28,"column":4},"end":{"line":28,"column":64}},"18":{"start":{"line":31,"column":2},"end":{"line":37,"column":5}},"19":{"start":{"line":32,"column":4},"end":{"line":36,"column":7}},"20":{"start":{"line":33,"column":17},"end":{"line":33,"column":46}},"21":{"start":{"line":33,"column":33},"end":{"line":33,"column":45}},"22":{"start":{"line":34,"column":22},"end":{"line":34,"column":39}},"23":{"start":{"line":35,"column":6},"end":{"line":35,"column":37}},"24":{"start":{"line":39,"column":2},"end":{"line":49,"column":5}},"25":{"start":{"line":40,"column":4},"end":{"line":48,"column":9}},"26":{"start":{"line":45,"column":20},"end":{"line":45,"column":50}},"27":{"start":{"line":45,"column":37},"end":{"line":45,"column":49}},"28":{"start":{"line":46,"column":25},"end":{"line":46,"column":44}},"29":{"start":{"line":47,"column":8},"end":{"line":47,"column":47}},"30":{"start":{"line":51,"column":2},"end":{"line":61,"column":5}},"31":{"start":{"line":52,"column":4},"end":{"line":60,"column":9}},"32":{"start":{"line":57,"column":20},"end":{"line":57,"column":50}},"33":{"start":{"line":57,"column":37},"end":{"line":57,"column":49}},"34":{"start":{"line":58,"column":25},"end":{"line":58,"column":44}},"35":{"start":{"line":59,"column":8},"end":{"line":59,"column":47}},"36":{"start":{"line":63,"column":2},"end":{"line":73,"column":5}},"37":{"start":{"line":64,"column":4},"end":{"line":72,"column":9}},"38":{"start":{"line":69,"column":20},"end":{"line":69,"column":50}},"39":{"start":{"line":69,"column":37},"end":{"line":69,"column":49}},"40":{"start":{"line":70,"column":25},"end":{"line":70,"column":44}},"41":{"start":{"line":71,"column":8},"end":{"line":71,"column":47}},"42":{"start":{"line":75,"column":2},"end":{"line":85,"column":5}},"43":{"start":{"line":76,"column":4},"end":{"line":84,"column":9}},"44":{"start":{"line":81,"column":20},"end":{"line":81,"column":50}},"45":{"start":{"line":81,"column":37},"end":{"line":81,"column":49}},"46":{"start":{"line":82,"column":25},"end":{"line":82,"column":44}},"47":{"start":{"line":83,"column":8},"end":{"line":83,"column":47}},"48":{"start":{"line":86,"column":2},"end":{"line":96,"column":5}},"49":{"start":{"line":87,"column":4},"end":{"line":95,"column":9}},"50":{"start":{"line":92,"column":20},"end":{"line":92,"column":50}},"51":{"start":{"line":92,"column":37},"end":{"line":92,"column":49}},"52":{"start":{"line":93,"column":25},"end":{"line":93,"column":44}},"53":{"start":{"line":94,"column":8},"end":{"line":94,"column":47}},"54":{"start":{"line":98,"column":2},"end":{"line":108,"column":5}},"55":{"start":{"line":99,"column":4},"end":{"line":107,"column":9}},"56":{"start":{"line":104,"column":20},"end":{"line":104,"column":50}},"57":{"start":{"line":104,"column":37},"end":{"line":104,"column":49}},"58":{"start":{"line":105,"column":25},"end":{"line":105,"column":44}},"59":{"start":{"line":106,"column":8},"end":{"line":106,"column":47}},"60":{"start":{"line":110,"column":2},"end":{"line":120,"column":5}},"61":{"start":{"line":111,"column":4},"end":{"line":119,"column":9}},"62":{"start":{"line":116,"column":20},"end":{"line":116,"column":50}},"63":{"start":{"line":116,"column":37},"end":{"line":116,"column":49}},"64":{"start":{"line":117,"column":25},"end":{"line":117,"column":44}},"65":{"start":{"line":118,"column":8},"end":{"line":118,"column":47}},"66":{"start":{"line":122,"column":2},"end":{"line":136,"column":5}},"67":{"start":{"line":123,"column":4},"end":{"line":135,"column":9}},"68":{"start":{"line":128,"column":20},"end":{"line":128,"column":50}},"69":{"start":{"line":128,"column":37},"end":{"line":128,"column":49}},"70":{"start":{"line":129,"column":8},"end":{"line":129,"column":29}},"71":{"start":{"line":130,"column":8},"end":{"line":130,"column":27}},"72":{"start":{"line":131,"column":25},"end":{"line":131,"column":44}},"73":{"start":{"line":132,"column":8},"end":{"line":132,"column":34}},"74":{"start":{"line":133,"column":8},"end":{"line":133,"column":32}},"75":{"start":{"line":134,"column":8},"end":{"line":134,"column":47}},"76":{"start":{"line":138,"column":2},"end":{"line":153,"column":5}},"77":{"start":{"line":139,"column":4},"end":{"line":152,"column":9}},"78":{"start":{"line":146,"column":20},"end":{"line":146,"column":49}},"79":{"start":{"line":146,"column":36},"end":{"line":146,"column":48}},"80":{"start":{"line":147,"column":25},"end":{"line":147,"column":49}},"81":{"start":{"line":148,"column":8},"end":{"line":148,"column":27}},"82":{"start":{"line":149,"column":8},"end":{"line":149,"column":32}},"83":{"start":{"line":151,"column":8},"end":{"line":151,"column":49}},"84":{"start":{"line":157,"column":2},"end":{"line":159,"column":5}},"85":{"start":{"line":158,"column":4},"end":{"line":158,"column":65}}},"fnMap":{"0":{"name":"(anonymous_0)","decl":{"start":{"line":10,"column":17},"end":{"line":10,"column":18}},"loc":{"start":{"line":10,"column":26},"end":{"line":160,"column":1}},"line":10},"1":{"name":"(anonymous_1)","decl":{"start":{"line":11,"column":15},"end":{"line":11,"column":16}},"loc":{"start":{"line":11,"column":35},"end":{"line":17,"column":3}},"line":11},"2":{"name":"(anonymous_2)","decl":{"start":{"line":18,"column":20},"end":{"line":18,"column":21}},"loc":{"start":{"line":18,"column":40},"end":{"line":23,"column":3}},"line":18},"3":{"name":"(anonymous_3)","decl":{"start":{"line":24,"column":21},"end":{"line":24,"column":22}},"loc":{"start":{"line":24,"column":41},"end":{"line":29,"column":3}},"line":24},"4":{"name":"(anonymous_4)","decl":{"start":{"line":31,"column":23},"end":{"line":31,"column":24}},"loc":{"start":{"line":31,"column":37},"end":{"line":37,"column":3}},"line":31},"5":{"name":"(anonymous_5)","decl":{"start":{"line":32,"column":32},"end":{"line":32,"column":33}},"loc":{"start":{"line":32,"column":42},"end":{"line":36,"column":5}},"line":32},"6":{"name":"(anonymous_6)","decl":{"start":{"line":33,"column":26},"end":{"line":33,"column":27}},"loc":{"start":{"line":33,"column":33},"end":{"line":33,"column":45}},"line":33},"7":{"name":"(anonymous_7)","decl":{"start":{"line":39,"column":25},"end":{"line":39,"column":26}},"loc":{"start":{"line":39,"column":39},"end":{"line":49,"column":3}},"line":39},"8":{"name":"(anonymous_8)","decl":{"start":{"line":44,"column":12},"end":{"line":44,"column":13}},"loc":{"start":{"line":44,"column":23},"end":{"line":48,"column":7}},"line":44},"9":{"name":"(anonymous_9)","decl":{"start":{"line":45,"column":30},"end":{"line":45,"column":31}},"loc":{"start":{"line":45,"column":37},"end":{"line":45,"column":49}},"line":45},"10":{"name":"(anonymous_10)","decl":{"start":{"line":51,"column":25},"end":{"line":51,"column":26}},"loc":{"start":{"line":51,"column":39},"end":{"line":61,"column":3}},"line":51},"11":{"name":"(anonymous_11)","decl":{"start":{"line":56,"column":12},"end":{"line":56,"column":13}},"loc":{"start":{"line":56,"column":23},"end":{"line":60,"column":7}},"line":56},"12":{"name":"(anonymous_12)","decl":{"start":{"line":57,"column":30},"end":{"line":57,"column":31}},"loc":{"start":{"line":57,"column":37},"end":{"line":57,"column":49}},"line":57},"13":{"name":"(anonymous_13)","decl":{"start":{"line":63,"column":25},"end":{"line":63,"column":26}},"loc":{"start":{"line":63,"column":39},"end":{"line":73,"column":3}},"line":63},"14":{"name":"(anonymous_14)","decl":{"start":{"line":68,"column":12},"end":{"line":68,"column":13}},"loc":{"start":{"line":68,"column":23},"end":{"line":72,"column":7}},"line":68},"15":{"name":"(anonymous_15)","decl":{"start":{"line":69,"column":30},"end":{"line":69,"column":31}},"loc":{"start":{"line":69,"column":37},"end":{"line":69,"column":49}},"line":69},"16":{"name":"(anonymous_16)","decl":{"start":{"line":75,"column":25},"end":{"line":75,"column":26}},"loc":{"start":{"line":75,"column":39},"end":{"line":85,"column":3}},"line":75},"17":{"name":"(anonymous_17)","decl":{"start":{"line":80,"column":12},"end":{"line":80,"column":13}},"loc":{"start":{"line":80,"column":23},"end":{"line":84,"column":7}},"line":80},"18":{"name":"(anonymous_18)","decl":{"start":{"line":81,"column":30},"end":{"line":81,"column":31}},"loc":{"start":{"line":81,"column":37},"end":{"line":81,"column":49}},"line":81},"19":{"name":"(anonymous_19)","decl":{"start":{"line":86,"column":25},"end":{"line":86,"column":26}},"loc":{"start":{"line":86,"column":39},"end":{"line":96,"column":3}},"line":86},"20":{"name":"(anonymous_20)","decl":{"start":{"line":91,"column":12},"end":{"line":91,"column":13}},"loc":{"start":{"line":91,"column":23},"end":{"line":95,"column":7}},"line":91},"21":{"name":"(anonymous_21)","decl":{"start":{"line":92,"column":30},"end":{"line":92,"column":31}},"loc":{"start":{"line":92,"column":37},"end":{"line":92,"column":49}},"line":92},"22":{"name":"(anonymous_22)","decl":{"start":{"line":98,"column":25},"end":{"line":98,"column":26}},"loc":{"start":{"line":98,"column":39},"end":{"line":108,"column":3}},"line":98},"23":{"name":"(anonymous_23)","decl":{"start":{"line":103,"column":12},"end":{"line":103,"column":13}},"loc":{"start":{"line":103,"column":23},"end":{"line":107,"column":7}},"line":103},"24":{"name":"(anonymous_24)","decl":{"start":{"line":104,"column":30},"end":{"line":104,"column":31}},"loc":{"start":{"line":104,"column":37},"end":{"line":104,"column":49}},"line":104},"25":{"name":"(anonymous_25)","decl":{"start":{"line":110,"column":25},"end":{"line":110,"column":26}},"loc":{"start":{"line":110,"column":39},"end":{"line":120,"column":3}},"line":110},"26":{"name":"(anonymous_26)","decl":{"start":{"line":115,"column":12},"end":{"line":115,"column":13}},"loc":{"start":{"line":115,"column":23},"end":{"line":119,"column":7}},"line":115},"27":{"name":"(anonymous_27)","decl":{"start":{"line":116,"column":30},"end":{"line":116,"column":31}},"loc":{"start":{"line":116,"column":37},"end":{"line":116,"column":49}},"line":116},"28":{"name":"(anonymous_28)","decl":{"start":{"line":122,"column":25},"end":{"line":122,"column":26}},"loc":{"start":{"line":122,"column":39},"end":{"line":136,"column":3}},"line":122},"29":{"name":"(anonymous_29)","decl":{"start":{"line":127,"column":12},"end":{"line":127,"column":13}},"loc":{"start":{"line":127,"column":23},"end":{"line":135,"column":7}},"line":127},"30":{"name":"(anonymous_30)","decl":{"start":{"line":128,"column":30},"end":{"line":128,"column":31}},"loc":{"start":{"line":128,"column":37},"end":{"line":128,"column":49}},"line":128},"31":{"name":"(anonymous_31)","decl":{"start":{"line":138,"column":33},"end":{"line":138,"column":34}},"loc":{"start":{"line":138,"column":47},"end":{"line":153,"column":3}},"line":138},"32":{"name":"(anonymous_32)","decl":{"start":{"line":145,"column":12},"end":{"line":145,"column":13}},"loc":{"start":{"line":145,"column":22},"end":{"line":152,"column":7}},"line":145},"33":{"name":"(anonymous_33)","decl":{"start":{"line":146,"column":29},"end":{"line":146,"column":30}},"loc":{"start":{"line":146,"column":36},"end":{"line":146,"column":48}},"line":146},"34":{"name":"(anonymous_34)","decl":{"start":{"line":157,"column":39},"end":{"line":157,"column":40}},"loc":{"start":{"line":157,"column":59},"end":{"line":159,"column":3}},"line":157}},"branchMap":{"0":{"loc":{"start":{"line":13,"column":4},"end":{"line":15,"column":5}},"type":"if","locations":[{"start":{"line":13,"column":4},"end":{"line":15,"column":5}},{"start":{"line":13,"column":4},"end":{"line":15,"column":5}}],"line":13},"1":{"loc":{"start":{"line":19,"column":4},"end":{"line":21,"column":5}},"type":"if","locations":[{"start":{"line":19,"column":4},"end":{"line":21,"column":5}},{"start":{"line":19,"column":4},"end":{"line":21,"column":5}}],"line":19},"2":{"loc":{"start":{"line":25,"column":4},"end":{"line":27,"column":5}},"type":"if","locations":[{"start":{"line":25,"column":4},"end":{"line":27,"column":5}},{"start":{"line":25,"column":4},"end":{"line":27,"column":5}}],"line":25}},"s":{"0":2,"1":2,"2":2,"3":2,"4":2,"5":2,"6":2,"7":1,"8":0,"9":1,"10":2,"11":0,"12":0,"13":0,"14":2,"15":0,"16":0,"17":0,"18":2,"19":0,"20":0,"21":0,"22":0,"23":0,"24":2,"25":0,"26":0,"27":0,"28":0,"29":0,"30":2,"31":0,"32":0,"33":0,"34":0,"35":0,"36":2,"37":0,"38":0,"39":0,"40":0,"41":0,"42":2,"43":0,"44":0,"45":0,"46":0,"47":0,"48":2,"49":0,"50":0,"51":0,"52":0,"53":0,"54":2,"55":0,"56":0,"57":0,"58":0,"59":0,"60":2,"61":0,"62":0,"63":0,"64":0,"65":0,"66":2,"67":0,"68":0,"69":0,"70":0,"71":0,"72":0,"73":0,"74":0,"75":0,"76":2,"77":0,"78":0,"79":0,"80":0,"81":0,"82":0,"83":0,"84":2,"85":0},"f":{"0":2,"1":1,"2":0,"3":0,"4":0,"5":0,"6":0,"7":0,"8":0,"9":0,"10":0,"11":0,"12":0,"13":0,"14":0,"15":0,"16":0,"17":0,"18":0,"19":0,"20":0,"21":0,"22":0,"23":0,"24":0,"25":0,"26":0,"27":0,"28":0,"29":0,"30":0,"31":0,"32":0,"33":0,"34":0},"b":{"0":[0,1],"1":[0,0],"2":[0,0]},"_coverageSchema":"1a1c01bbd47fc00a2c39e90264f33305004495a9","hash":"a02475eb9699921088123f6a14aabe5b98b64ed1"}
,"/Users/chrisducharme/Coding Bootcamp/Projects/project_02/routes/saved_products-api-routes.js": {"path":"/Users/chrisducharme/Coding Bootcamp/Projects/project_02/routes/saved_products-api-routes.js","statementMap":{"0":{"start":{"line":1,"column":9},"end":{"line":1,"column":29}},"1":{"start":{"line":5,"column":0},"end":{"line":41,"column":2}},"2":{"start":{"line":7,"column":2},"end":{"line":13,"column":3}},"3":{"start":{"line":9,"column":2},"end":{"line":12,"column":9}},"4":{"start":{"line":11,"column":8},"end":{"line":11,"column":34}},"5":{"start":{"line":15,"column":0},"end":{"line":28,"column":3}},"6":{"start":{"line":16,"column":2},"end":{"line":16,"column":23}},"7":{"start":{"line":17,"column":2},"end":{"line":27,"column":7}},"8":{"start":{"line":26,"column":6},"end":{"line":26,"column":23}},"9":{"start":{"line":32,"column":0},"end":{"line":40,"column":3}},"10":{"start":{"line":33,"column":2},"end":{"line":39,"column":58}},"11":{"start":{"line":39,"column":31},"end":{"line":39,"column":56}}},"fnMap":{"0":{"name":"(anonymous_0)","decl":{"start":{"line":5,"column":17},"end":{"line":5,"column":18}},"loc":{"start":{"line":5,"column":26},"end":{"line":41,"column":1}},"line":5},"1":{"name":"(anonymous_1)","decl":{"start":{"line":7,"column":37},"end":{"line":7,"column":38}},"loc":{"start":{"line":7,"column":56},"end":{"line":13,"column":1}},"line":7},"2":{"name":"(anonymous_2)","decl":{"start":{"line":10,"column":12},"end":{"line":10,"column":13}},"loc":{"start":{"line":10,"column":39},"end":{"line":12,"column":7}},"line":10},"3":{"name":"(anonymous_3)","decl":{"start":{"line":15,"column":32},"end":{"line":15,"column":33}},"loc":{"start":{"line":15,"column":52},"end":{"line":28,"column":1}},"line":15},"4":{"name":"(anonymous_4)","decl":{"start":{"line":25,"column":10},"end":{"line":25,"column":11}},"loc":{"start":{"line":25,"column":28},"end":{"line":27,"column":5}},"line":25},"5":{"name":"(anonymous_5)","decl":{"start":{"line":32,"column":38},"end":{"line":32,"column":39}},"loc":{"start":{"line":32,"column":52},"end":{"line":40,"column":1}},"line":32},"6":{"name":"(anonymous_6)","decl":{"start":{"line":39,"column":10},"end":{"line":39,"column":11}},"loc":{"start":{"line":39,"column":31},"end":{"line":39,"column":56}},"line":39}},"branchMap":{},"s":{"0":2,"1":2,"2":2,"3":0,"4":0,"5":2,"6":0,"7":0,"8":0,"9":2,"10":0,"11":0},"f":{"0":2,"1":0,"2":0,"3":0,"4":0,"5":0,"6":0},"b":{},"_coverageSchema":"1a1c01bbd47fc00a2c39e90264f33305004495a9","hash":"edb824409a896bf93b213e0e2a573b2cead43140"}
}
