TN:
SF:server.js
FN:37,(anonymous_0)
FN:38,(anonymous_1)
FNF:2
FNH:0
FNDA:0,(anonymous_0)
FNDA:0,(anonymous_1)
DA:2,2
DA:3,2
DA:4,2
DA:7,2
DA:10,2
DA:11,2
DA:14,2
DA:15,2
DA:16,2
DA:17,2
DA:20,2
DA:23,2
DA:24,2
DA:25,2
DA:26,2
DA:29,2
DA:30,2
DA:31,2
DA:35,2
DA:37,0
DA:38,0
DA:39,0
DA:48,2
LF:23
LH:20
BRDA:10,0,0,2
BRDA:10,0,1,2
BRDA:35,1,0,0
BRDA:35,1,1,2
BRF:4
BRH:3
end_of_record
TN:
SF:config/passport.js
FN:13,(anonymous_0)
FN:19,(anonymous_1)
FN:43,(anonymous_2)
FN:47,(anonymous_3)
FNF:4
FNH:4
FNDA:3,(anonymous_0)
FNDA:3,(anonymous_1)
FNDA:3,(anonymous_2)
FNDA:2,(anonymous_3)
DA:1,2
DA:2,2
DA:4,2
DA:7,2
DA:15,3
DA:21,3
DA:22,0
DA:28,3
DA:29,0
DA:34,3
DA:43,2
DA:44,3
DA:47,2
DA:48,2
DA:52,2
LF:15
LH:13
BRDA:21,0,0,0
BRDA:21,0,1,3
BRDA:28,1,0,0
BRDA:28,1,1,3
BRF:4
BRH:2
end_of_record
TN:
SF:config/middleware/isAuthenticated.js
FN:2,(anonymous_0)
FNF:1
FNH:0
FNDA:0,(anonymous_0)
DA:2,2
DA:4,0
DA:5,0
DA:9,0
LF:4
LH:1
BRDA:4,0,0,0
BRDA:4,0,1,0
BRF:2
BRH:0
end_of_record
TN:
SF:models/index.js
FN:29,(anonymous_0)
FN:34,(anonymous_1)
FN:39,(anonymous_2)
FNF:3
FNH:3
FNDA:10,(anonymous_0)
FNDA:8,(anonymous_1)
FNDA:8,(anonymous_2)
DA:6,2
DA:7,2
DA:8,2
DA:9,2
DA:10,2
DA:12,2
DA:13,2
DA:17,2
DA:18,0
DA:20,2
DA:28,2
DA:30,10
DA:35,8
DA:36,8
DA:39,2
DA:40,8
DA:41,4
DA:45,2
DA:46,2
DA:48,2
LF:20
LH:19
BRDA:10,0,0,2
BRDA:10,0,1,0
BRDA:17,1,0,0
BRDA:17,1,1,2
BRDA:31,2,0,10
BRDA:31,2,1,10
BRDA:31,2,2,8
BRDA:40,3,0,4
BRDA:40,3,1,4
BRF:9
BRH:7
end_of_record
TN:
SF:models/locations.js
FN:2,(anonymous_0)
FN:33,(anonymous_1)
FNF:2
FNH:2
FNDA:2,(anonymous_0)
FNDA:2,(anonymous_1)
DA:2,2
DA:3,2
DA:33,2
DA:34,2
DA:40,2
LF:5
LH:5
BRF:0
BRH:0
end_of_record
TN:
SF:models/product.js
FN:2,(anonymous_0)
FN:29,(anonymous_1)
FNF:2
FNH:2
FNDA:2,(anonymous_0)
FNDA:2,(anonymous_1)
DA:2,2
DA:3,2
DA:29,2
DA:30,2
DA:37,2
LF:5
LH:5
BRF:0
BRH:0
end_of_record
TN:
SF:models/saved_products.js
FN:3,(anonymous_0)
FNF:1
FNH:1
FNDA:2,(anonymous_0)
DA:3,2
DA:4,2
DA:39,2
LF:3
LH:3
BRF:0
BRH:0
end_of_record
TN:
SF:models/user.js
FN:4,(anonymous_0)
FN:22,(anonymous_1)
FN:27,(anonymous_2)
FNF:3
FNH:3
FNDA:2,(anonymous_0)
FNDA:3,(anonymous_1)
FNDA:2,(anonymous_2)
DA:2,2
DA:4,2
DA:5,2
DA:22,2
DA:23,3
DA:27,2
DA:28,2
DA:34,2
LF:8
LH:8
BRF:0
BRH:0
end_of_record
TN:
SF:public/js/login.js
FN:1,(anonymous_0)
FN:8,(anonymous_1)
FN:26,loginUser
FN:31,(anonymous_3)
FN:36,(anonymous_4)
FNF:5
FNH:0
FNDA:0,(anonymous_0)
FNDA:0,(anonymous_1)
FNDA:0,loginUser
FNDA:0,(anonymous_3)
FNDA:0,(anonymous_4)
DA:1,0
DA:3,0
DA:4,0
DA:5,0
DA:8,0
DA:9,0
DA:10,0
DA:15,0
DA:16,0
DA:20,0
DA:21,0
DA:22,0
DA:27,0
DA:32,0
DA:37,0
LF:15
LH:0
BRDA:15,0,0,0
BRDA:15,0,1,0
BRDA:15,1,0,0
BRDA:15,1,1,0
BRF:4
BRH:0
end_of_record
TN:
SF:public/js/members.js
FN:1,(anonymous_0)
FN:4,(anonymous_1)
FNF:2
FNH:0
FNDA:0,(anonymous_0)
FNDA:0,(anonymous_1)
DA:1,0
DA:4,0
DA:5,0
LF:3
LH:0
BRF:0
BRH:0
end_of_record
TN:
SF:public/js/saved_products.js
FN:1,(anonymous_0)
FN:2,(anonymous_1)
FN:19,(anonymous_2)
FNF:3
FNH:0
FNDA:0,(anonymous_0)
FNDA:0,(anonymous_1)
FNDA:0,(anonymous_2)
DA:1,0
DA:2,0
DA:3,0
DA:4,0
DA:5,0
DA:6,0
DA:7,0
DA:8,0
DA:9,0
DA:20,0
LF:10
LH:0
BRF:0
BRH:0
end_of_record
TN:
SF:public/js/signup.js
FN:1,(anonymous_0)
FN:8,(anonymous_1)
FN:26,signUpUser
FN:31,(anonymous_3)
FN:38,handleLoginErr
FNF:5
FNH:0
FNDA:0,(anonymous_0)
FNDA:0,(anonymous_1)
FNDA:0,signUpUser
FNDA:0,(anonymous_3)
FNDA:0,handleLoginErr
DA:1,0
DA:3,0
DA:4,0
DA:5,0
DA:8,0
DA:9,0
DA:10,0
DA:15,0
DA:16,0
DA:19,0
DA:20,0
DA:21,0
DA:27,0
DA:32,0
DA:39,0
DA:40,0
LF:16
LH:0
BRDA:15,0,0,0
BRDA:15,0,1,0
BRDA:15,1,0,0
BRDA:15,1,1,0
BRF:4
BRH:0
end_of_record
TN:
SF:routes/api-routes.js
FN:5,(anonymous_0)
FN:9,(anonymous_1)
FN:16,(anonymous_2)
FN:21,(anonymous_3)
FN:24,(anonymous_4)
FN:30,(anonymous_5)
FN:36,(anonymous_6)
FN:50,(anonymous_7)
FN:51,(anonymous_8)
FNF:9
FNH:7
FNDA:2,(anonymous_0)
FNDA:3,(anonymous_1)
FNDA:2,(anonymous_2)
FNDA:1,(anonymous_3)
FNDA:1,(anonymous_4)
FNDA:1,(anonymous_5)
FNDA:3,(anonymous_6)
FNDA:0,(anonymous_7)
FNDA:0,(anonymous_8)
DA:2,2
DA:3,2
DA:5,2
DA:9,2
DA:10,3
DA:16,2
DA:17,2
DA:22,1
DA:25,1
DA:30,2
DA:31,1
DA:32,1
DA:36,2
DA:37,3
DA:39,2
DA:43,1
DA:50,2
DA:51,0
DA:52,0
LF:19
LH:17
BRDA:37,0,0,2
BRDA:37,0,1,1
BRF:2
BRH:2
end_of_record
TN:
SF:routes/html-routes.js
FN:10,(anonymous_0)
FN:11,(anonymous_1)
FN:18,(anonymous_2)
FN:24,(anonymous_3)
FN:31,(anonymous_4)
FN:32,(anonymous_5)
FN:33,(anonymous_6)
FN:39,(anonymous_7)
FN:44,(anonymous_8)
FN:45,(anonymous_9)
FN:51,(anonymous_10)
FN:56,(anonymous_11)
FN:57,(anonymous_12)
FN:63,(anonymous_13)
FN:68,(anonymous_14)
FN:69,(anonymous_15)
FN:75,(anonymous_16)
FN:80,(anonymous_17)
FN:81,(anonymous_18)
FN:86,(anonymous_19)
FN:91,(anonymous_20)
FN:92,(anonymous_21)
FN:98,(anonymous_22)
FN:103,(anonymous_23)
FN:104,(anonymous_24)
FN:110,(anonymous_25)
FN:115,(anonymous_26)
FN:116,(anonymous_27)
FN:122,(anonymous_28)
FN:127,(anonymous_29)
FN:128,(anonymous_30)
FN:138,(anonymous_31)
FN:145,(anonymous_32)
FN:146,(anonymous_33)
FN:157,(anonymous_34)
FNF:35
FNH:2
FNDA:2,(anonymous_0)
FNDA:1,(anonymous_1)
FNDA:0,(anonymous_2)
FNDA:0,(anonymous_3)
FNDA:0,(anonymous_4)
FNDA:0,(anonymous_5)
FNDA:0,(anonymous_6)
FNDA:0,(anonymous_7)
FNDA:0,(anonymous_8)
FNDA:0,(anonymous_9)
FNDA:0,(anonymous_10)
FNDA:0,(anonymous_11)
FNDA:0,(anonymous_12)
FNDA:0,(anonymous_13)
FNDA:0,(anonymous_14)
FNDA:0,(anonymous_15)
FNDA:0,(anonymous_16)
FNDA:0,(anonymous_17)
FNDA:0,(anonymous_18)
FNDA:0,(anonymous_19)
FNDA:0,(anonymous_20)
FNDA:0,(anonymous_21)
FNDA:0,(anonymous_22)
FNDA:0,(anonymous_23)
FNDA:0,(anonymous_24)
FNDA:0,(anonymous_25)
FNDA:0,(anonymous_26)
FNDA:0,(anonymous_27)
FNDA:0,(anonymous_28)
FNDA:0,(anonymous_29)
FNDA:0,(anonymous_30)
FNDA:0,(anonymous_31)
FNDA:0,(anonymous_32)
FNDA:0,(anonymous_33)
FNDA:0,(anonymous_34)
DA:3,2
DA:4,2
DA:5,2
DA:6,2
DA:9,2
DA:10,2
DA:11,2
DA:13,1
DA:14,0
DA:16,1
DA:18,2
DA:19,0
DA:20,0
DA:22,0
DA:24,2
DA:25,0
DA:26,0
DA:28,0
DA:31,2
DA:32,0
DA:33,0
DA:34,0
DA:35,0
DA:39,2
DA:40,0
DA:45,0
DA:46,0
DA:47,0
DA:51,2
DA:52,0
DA:57,0
DA:58,0
DA:59,0
DA:63,2
DA:64,0
DA:69,0
DA:70,0
DA:71,0
DA:75,2
DA:76,0
DA:81,0
DA:82,0
DA:83,0
DA:86,2
DA:87,0
DA:92,0
DA:93,0
DA:94,0
DA:98,2
DA:99,0
DA:104,0
DA:105,0
DA:106,0
DA:110,2
DA:111,0
DA:116,0
DA:117,0
DA:118,0
DA:122,2
DA:123,0
DA:128,0
DA:129,0
DA:130,0
DA:131,0
DA:132,0
DA:133,0
DA:134,0
DA:138,2
DA:139,0
DA:146,0
DA:147,0
DA:148,0
DA:149,0
DA:151,0
DA:157,2
DA:158,0
LF:76
LH:22
BRDA:13,0,0,0
BRDA:13,0,1,1
BRDA:19,1,0,0
BRDA:19,1,1,0
BRDA:25,2,0,0
BRDA:25,2,1,0
BRF:6
BRH:1
end_of_record
TN:
SF:routes/saved_products-api-routes.js
FN:5,(anonymous_0)
FN:7,(anonymous_1)
FN:10,(anonymous_2)
FN:15,(anonymous_3)
FN:25,(anonymous_4)
FN:32,(anonymous_5)
FN:39,(anonymous_6)
FNF:7
FNH:1
FNDA:2,(anonymous_0)
FNDA:0,(anonymous_1)
FNDA:0,(anonymous_2)
FNDA:0,(anonymous_3)
FNDA:0,(anonymous_4)
FNDA:0,(anonymous_5)
FNDA:0,(anonymous_6)
DA:1,2
DA:5,2
DA:7,2
DA:9,0
DA:11,0
DA:15,2
DA:16,0
DA:17,0
DA:26,0
DA:32,2
DA:33,0
DA:39,0
LF:12
LH:5
BRF:0
BRH:0
end_of_record
